DEBUG:selenium.webdriver.common.selenium_manager:Selenium Manager binary found at: C:\Users\krizz\AppData\Local\Programs\Python\Python313\Lib\site-packages\selenium\webdriver\common\windows\selenium-manager.exe
DEBUG:selenium.webdriver.common.selenium_manager:Executing process: C:\Users\krizz\AppData\Local\Programs\Python\Python313\Lib\site-packages\selenium\webdriver\common\windows\selenium-manager.exe --browser chrome --debug --language-binding python --output json
DEBUG:selenium.webdriver.common.selenium_manager:Sending stats to Plausible: Props { browser: "chrome", browser_version: "", os: "windows", arch: "amd64", lang: "python", selenium_version: "4.33" }
DEBUG:selenium.webdriver.common.selenium_manager:chromedriver not found in PATH
DEBUG:selenium.webdriver.common.selenium_manager:chrome detected at C:\Program Files\Google\Chrome\Application\chrome.exe
DEBUG:selenium.webdriver.common.selenium_manager:Detected browser: chrome 138.0.7204.158
DEBUG:selenium.webdriver.common.selenium_manager:Discovering versions from https://googlechromelabs.github.io/chrome-for-testing/known-good-versions-with-downloads.json
DEBUG:selenium.webdriver.common.selenium_manager:Required driver: chromedriver 138.0.7204.168
DEBUG:selenium.webdriver.common.selenium_manager:chromedriver 138.0.7204.168 already in the cache
DEBUG:selenium.webdriver.common.selenium_manager:Driver path: C:\Users\krizz\.cache\selenium\chromedriver\win64\138.0.7204.168\chromedriver.exe
DEBUG:selenium.webdriver.common.selenium_manager:Browser path: C:\Program Files\Google\Chrome\Application\chrome.exe
DEBUG:selenium.webdriver.common.service:Started executable: `C:\Users\krizz\.cache\selenium\chromedriver\win64\138.0.7204.168\chromedriver.exe` in a child process with pid: 15252 using 0 to output -3
DEBUG:selenium.webdriver.remote.remote_connection:POST http://localhost:55077/session {'capabilities': {'firstMatch': [{}], 'alwaysMatch': {'browserName': 'chrome', 'pageLoadStrategy': <PageLoadStrategy.normal: 'normal'>, 'browserVersion': None, 'goog:chromeOptions': {'prefs': {'credentials_enable_service': False, 'profile.password_manager_enabled': False, 'password_manager_enabled': False, 'profile.default_content_setting_values.notifications': 2}, 'extensions': [], 'binary': 'C:\\Program Files\\Google\\Chrome\\Application\\chrome.exe', 'args': ['--disable-features=PasswordLeakDetection,PasswordManagerOnboarding,AutofillServerCommunication', '--disable-save-password-bubble', '--disable-password-manager-reauthentication', '--incognito', '--user-data-dir=/tmp/temporary-chrome-profile']}}}}
DEBUG:urllib3.connectionpool:Starting new HTTP connection (1): localhost:55077
DEBUG:urllib3.connectionpool:http://localhost:55077 "POST /session HTTP/1.1" 200 0
DEBUG:selenium.webdriver.remote.remote_connection:Remote response: status=200 | data={"value":{"capabilities":{"acceptInsecureCerts":false,"browserName":"chrome","browserVersion":"138.0.7204.158","chrome":{"chromedriverVersion":"138.0.7204.168 (3e8d82e86e9f508e88ed406c2a24657a6c691d30-refs/branch-heads/7204@{#2081})","userDataDir":"/tmp/temporary-chrome-profile"},"fedcm:accounts":true,"goog:chromeOptions":{"debuggerAddress":"localhost:55083"},"networkConnectionEnabled":false,"pageLoadStrategy":"normal","platformName":"windows","proxy":{},"setWindowRect":true,"strictFileInteractability":false,"timeouts":{"implicit":0,"pageLoad":300000,"script":30000},"unhandledPromptBehavior":"dismiss and notify","webauthn:extension:credBlob":true,"webauthn:extension:largeBlob":true,"webauthn:extension:minPinLength":true,"webauthn:extension:prf":true,"webauthn:virtualAuthenticators":true},"sessionId":"e75abfd568a36b03d9d777867764f269"}} | headers=HTTPHeaderDict({'Content-Length': '847', 'Content-Type': 'application/json; charset=utf-8', 'cache-control': 'no-cache'})
DEBUG:selenium.webdriver.remote.remote_connection:Finished Request
DEBUG:selenium.webdriver.remote.remote_connection:POST http://localhost:55077/session/e75abfd568a36b03d9d777867764f269/url {'url': 'https://www.saucedemo.com/'}
DEBUG:urllib3.connectionpool:http://localhost:55077 "POST /session/e75abfd568a36b03d9d777867764f269/url HTTP/1.1" 200 0
DEBUG:selenium.webdriver.remote.remote_connection:Remote response: status=200 | data={"value":null} | headers=HTTPHeaderDict({'Content-Length': '14', 'Content-Type': 'application/json; charset=utf-8', 'cache-control': 'no-cache'})
DEBUG:selenium.webdriver.remote.remote_connection:Finished Request
DEBUG:selenium.webdriver.remote.remote_connection:POST http://localhost:55077/session/e75abfd568a36b03d9d777867764f269/window/maximize {}
DEBUG:urllib3.connectionpool:http://localhost:55077 "POST /session/e75abfd568a36b03d9d777867764f269/window/maximize HTTP/1.1" 200 0
DEBUG:selenium.webdriver.remote.remote_connection:Remote response: status=200 | data={"value":{"height":1048,"width":1936,"x":-8,"y":-8}} | headers=HTTPHeaderDict({'Content-Length': '52', 'Content-Type': 'application/json; charset=utf-8', 'cache-control': 'no-cache'})
DEBUG:selenium.webdriver.remote.remote_connection:Finished Request
INFO:root:START: login user
DEBUG:selenium.webdriver.remote.remote_connection:POST http://localhost:55077/session/e75abfd568a36b03d9d777867764f269/element {'using': 'css selector', 'value': '[id="user-name"]'}
DEBUG:urllib3.connectionpool:http://localhost:55077 "POST /session/e75abfd568a36b03d9d777867764f269/element HTTP/1.1" 200 0
DEBUG:selenium.webdriver.remote.remote_connection:Remote response: status=200 | data={"value":{"element-6066-11e4-a52e-4f735466cecf":"f.16886547486FCB634716E722308EA8EC.d.C34EE1A00D20E273012A69EFB23AFCAB.e.3"}} | headers=HTTPHeaderDict({'Content-Length': '125', 'Content-Type': 'application/json; charset=utf-8', 'cache-control': 'no-cache'})
DEBUG:selenium.webdriver.remote.remote_connection:Finished Request
DEBUG:selenium.webdriver.remote.remote_connection:POST http://localhost:55077/session/e75abfd568a36b03d9d777867764f269/element/f.16886547486FCB634716E722308EA8EC.d.C34EE1A00D20E273012A69EFB23AFCAB.e.3/value {'text': 'standard_user', 'value': ['s', 't', 'a', 'n', 'd', 'a', 'r', 'd', '_', 'u', 's', 'e', 'r']}
DEBUG:urllib3.connectionpool:http://localhost:55077 "POST /session/e75abfd568a36b03d9d777867764f269/element/f.16886547486FCB634716E722308EA8EC.d.C34EE1A00D20E273012A69EFB23AFCAB.e.3/value HTTP/1.1" 200 0
DEBUG:selenium.webdriver.remote.remote_connection:Remote response: status=200 | data={"value":null} | headers=HTTPHeaderDict({'Content-Length': '14', 'Content-Type': 'application/json; charset=utf-8', 'cache-control': 'no-cache'})
DEBUG:selenium.webdriver.remote.remote_connection:Finished Request
DEBUG:selenium.webdriver.remote.remote_connection:POST http://localhost:55077/session/e75abfd568a36b03d9d777867764f269/element {'using': 'css selector', 'value': '[id="password"]'}
DEBUG:urllib3.connectionpool:http://localhost:55077 "POST /session/e75abfd568a36b03d9d777867764f269/element HTTP/1.1" 200 0
DEBUG:selenium.webdriver.remote.remote_connection:Remote response: status=200 | data={"value":{"element-6066-11e4-a52e-4f735466cecf":"f.16886547486FCB634716E722308EA8EC.d.C34EE1A00D20E273012A69EFB23AFCAB.e.4"}} | headers=HTTPHeaderDict({'Content-Length': '125', 'Content-Type': 'application/json; charset=utf-8', 'cache-control': 'no-cache'})
DEBUG:selenium.webdriver.remote.remote_connection:Finished Request
DEBUG:selenium.webdriver.remote.remote_connection:POST http://localhost:55077/session/e75abfd568a36b03d9d777867764f269/element/f.16886547486FCB634716E722308EA8EC.d.C34EE1A00D20E273012A69EFB23AFCAB.e.4/value {'text': 'secret_sauce', 'value': ['s', 'e', 'c', 'r', 'e', 't', '_', 's', 'a', 'u', 'c', 'e']}
DEBUG:urllib3.connectionpool:http://localhost:55077 "POST /session/e75abfd568a36b03d9d777867764f269/element/f.16886547486FCB634716E722308EA8EC.d.C34EE1A00D20E273012A69EFB23AFCAB.e.4/value HTTP/1.1" 200 0
DEBUG:selenium.webdriver.remote.remote_connection:Remote response: status=200 | data={"value":null} | headers=HTTPHeaderDict({'Content-Length': '14', 'Content-Type': 'application/json; charset=utf-8', 'cache-control': 'no-cache'})
DEBUG:selenium.webdriver.remote.remote_connection:Finished Request
DEBUG:selenium.webdriver.remote.remote_connection:POST http://localhost:55077/session/e75abfd568a36b03d9d777867764f269/element {'using': 'css selector', 'value': '[id="login-button"]'}
DEBUG:urllib3.connectionpool:http://localhost:55077 "POST /session/e75abfd568a36b03d9d777867764f269/element HTTP/1.1" 200 0
DEBUG:selenium.webdriver.remote.remote_connection:Remote response: status=200 | data={"value":{"element-6066-11e4-a52e-4f735466cecf":"f.16886547486FCB634716E722308EA8EC.d.C34EE1A00D20E273012A69EFB23AFCAB.e.5"}} | headers=HTTPHeaderDict({'Content-Length': '125', 'Content-Type': 'application/json; charset=utf-8', 'cache-control': 'no-cache'})
DEBUG:selenium.webdriver.remote.remote_connection:Finished Request
DEBUG:selenium.webdriver.remote.remote_connection:POST http://localhost:55077/session/e75abfd568a36b03d9d777867764f269/element/f.16886547486FCB634716E722308EA8EC.d.C34EE1A00D20E273012A69EFB23AFCAB.e.5/click {}
DEBUG:urllib3.connectionpool:http://localhost:55077 "POST /session/e75abfd568a36b03d9d777867764f269/element/f.16886547486FCB634716E722308EA8EC.d.C34EE1A00D20E273012A69EFB23AFCAB.e.5/click HTTP/1.1" 200 0
DEBUG:selenium.webdriver.remote.remote_connection:Remote response: status=200 | data={"value":null} | headers=HTTPHeaderDict({'Content-Length': '14', 'Content-Type': 'application/json; charset=utf-8', 'cache-control': 'no-cache'})
DEBUG:selenium.webdriver.remote.remote_connection:Finished Request
DEBUG:selenium.webdriver.remote.remote_connection:GET http://localhost:55077/session/e75abfd568a36b03d9d777867764f269/url {}
DEBUG:urllib3.connectionpool:http://localhost:55077 "GET /session/e75abfd568a36b03d9d777867764f269/url HTTP/1.1" 200 0
DEBUG:selenium.webdriver.remote.remote_connection:Remote response: status=200 | data={"value":"https://www.saucedemo.com/inventory.html"} | headers=HTTPHeaderDict({'Content-Length': '52', 'Content-Type': 'application/json; charset=utf-8', 'cache-control': 'no-cache'})
DEBUG:selenium.webdriver.remote.remote_connection:Finished Request
DEBUG:selenium.webdriver.remote.remote_connection:GET http://localhost:55077/session/e75abfd568a36b03d9d777867764f269/url {}
DEBUG:urllib3.connectionpool:http://localhost:55077 "GET /session/e75abfd568a36b03d9d777867764f269/url HTTP/1.1" 200 0
DEBUG:selenium.webdriver.remote.remote_connection:Remote response: status=200 | data={"value":"https://www.saucedemo.com/inventory.html"} | headers=HTTPHeaderDict({'Content-Length': '52', 'Content-Type': 'application/json; charset=utf-8', 'cache-control': 'no-cache'})
DEBUG:selenium.webdriver.remote.remote_connection:Finished Request
INFO:root:okno:inventory
INFO:root:END: login user
INFO:root:START: add item to cart for batoh
DEBUG:selenium.webdriver.remote.remote_connection:POST http://localhost:55077/session/e75abfd568a36b03d9d777867764f269/element {'using': 'css selector', 'value': '[id="add-to-cart-sauce-labs-backpack"]'}
DEBUG:urllib3.connectionpool:http://localhost:55077 "POST /session/e75abfd568a36b03d9d777867764f269/element HTTP/1.1" 200 0
DEBUG:selenium.webdriver.remote.remote_connection:Remote response: status=200 | data={"value":{"element-6066-11e4-a52e-4f735466cecf":"f.16886547486FCB634716E722308EA8EC.d.C34EE1A00D20E273012A69EFB23AFCAB.e.37"}} | headers=HTTPHeaderDict({'Content-Length': '126', 'Content-Type': 'application/json; charset=utf-8', 'cache-control': 'no-cache'})
DEBUG:selenium.webdriver.remote.remote_connection:Finished Request
DEBUG:selenium.webdriver.remote.remote_connection:POST http://localhost:55077/session/e75abfd568a36b03d9d777867764f269/element/f.16886547486FCB634716E722308EA8EC.d.C34EE1A00D20E273012A69EFB23AFCAB.e.37/click {}
DEBUG:urllib3.connectionpool:http://localhost:55077 "POST /session/e75abfd568a36b03d9d777867764f269/element/f.16886547486FCB634716E722308EA8EC.d.C34EE1A00D20E273012A69EFB23AFCAB.e.37/click HTTP/1.1" 200 0
DEBUG:selenium.webdriver.remote.remote_connection:Remote response: status=200 | data={"value":null} | headers=HTTPHeaderDict({'Content-Length': '14', 'Content-Type': 'application/json; charset=utf-8', 'cache-control': 'no-cache'})
DEBUG:selenium.webdriver.remote.remote_connection:Finished Request
INFO:root:END: add item to cart for batoh
DEBUG:selenium.webdriver.remote.remote_connection:POST http://localhost:55077/session/e75abfd568a36b03d9d777867764f269/element {'using': 'css selector', 'value': '[id="shopping_cart_container"]'}
DEBUG:urllib3.connectionpool:http://localhost:55077 "POST /session/e75abfd568a36b03d9d777867764f269/element HTTP/1.1" 200 0
DEBUG:selenium.webdriver.remote.remote_connection:Remote response: status=200 | data={"value":{"element-6066-11e4-a52e-4f735466cecf":"f.16886547486FCB634716E722308EA8EC.d.C34EE1A00D20E273012A69EFB23AFCAB.e.40"}} | headers=HTTPHeaderDict({'Content-Length': '126', 'Content-Type': 'application/json; charset=utf-8', 'cache-control': 'no-cache'})
DEBUG:selenium.webdriver.remote.remote_connection:Finished Request
DEBUG:selenium.webdriver.remote.remote_connection:POST http://localhost:55077/session/e75abfd568a36b03d9d777867764f269/element/f.16886547486FCB634716E722308EA8EC.d.C34EE1A00D20E273012A69EFB23AFCAB.e.40/click {}
DEBUG:urllib3.connectionpool:http://localhost:55077 "POST /session/e75abfd568a36b03d9d777867764f269/element/f.16886547486FCB634716E722308EA8EC.d.C34EE1A00D20E273012A69EFB23AFCAB.e.40/click HTTP/1.1" 200 0
DEBUG:selenium.webdriver.remote.remote_connection:Remote response: status=200 | data={"value":null} | headers=HTTPHeaderDict({'Content-Length': '14', 'Content-Type': 'application/json; charset=utf-8', 'cache-control': 'no-cache'})
DEBUG:selenium.webdriver.remote.remote_connection:Finished Request
DEBUG:selenium.webdriver.remote.remote_connection:GET http://localhost:55077/session/e75abfd568a36b03d9d777867764f269/url {}
DEBUG:urllib3.connectionpool:http://localhost:55077 "GET /session/e75abfd568a36b03d9d777867764f269/url HTTP/1.1" 200 0
DEBUG:selenium.webdriver.remote.remote_connection:Remote response: status=200 | data={"value":"https://www.saucedemo.com/cart.html"} | headers=HTTPHeaderDict({'Content-Length': '47', 'Content-Type': 'application/json; charset=utf-8', 'cache-control': 'no-cache'})
DEBUG:selenium.webdriver.remote.remote_connection:Finished Request
INFO:root:okno:cart
INFO:root:START: test pritomnosti batoh v kosiku
INFO:root:START: vytvoreni seznamu obsahu kosiku
DEBUG:selenium.webdriver.remote.remote_connection:POST http://localhost:55077/session/e75abfd568a36b03d9d777867764f269/elements {'using': 'css selector', 'value': '.cart_item'}
DEBUG:urllib3.connectionpool:http://localhost:55077 "POST /session/e75abfd568a36b03d9d777867764f269/elements HTTP/1.1" 200 0
DEBUG:selenium.webdriver.remote.remote_connection:Remote response: status=200 | data={"value":[{"element-6066-11e4-a52e-4f735466cecf":"f.16886547486FCB634716E722308EA8EC.d.C34EE1A00D20E273012A69EFB23AFCAB.e.48"}]} | headers=HTTPHeaderDict({'Content-Length': '128', 'Content-Type': 'application/json; charset=utf-8', 'cache-control': 'no-cache'})
DEBUG:selenium.webdriver.remote.remote_connection:Finished Request
DEBUG:selenium.webdriver.remote.remote_connection:POST http://localhost:55077/session/e75abfd568a36b03d9d777867764f269/element/f.16886547486FCB634716E722308EA8EC.d.C34EE1A00D20E273012A69EFB23AFCAB.e.48/element {'using': 'css selector', 'value': '.inventory_item_name'}
DEBUG:urllib3.connectionpool:http://localhost:55077 "POST /session/e75abfd568a36b03d9d777867764f269/element/f.16886547486FCB634716E722308EA8EC.d.C34EE1A00D20E273012A69EFB23AFCAB.e.48/element HTTP/1.1" 200 0
DEBUG:selenium.webdriver.remote.remote_connection:Remote response: status=200 | data={"value":{"element-6066-11e4-a52e-4f735466cecf":"f.16886547486FCB634716E722308EA8EC.d.C34EE1A00D20E273012A69EFB23AFCAB.e.49"}} | headers=HTTPHeaderDict({'Content-Length': '126', 'Content-Type': 'application/json; charset=utf-8', 'cache-control': 'no-cache'})
DEBUG:selenium.webdriver.remote.remote_connection:Finished Request
DEBUG:selenium.webdriver.remote.remote_connection:GET http://localhost:55077/session/e75abfd568a36b03d9d777867764f269/element/f.16886547486FCB634716E722308EA8EC.d.C34EE1A00D20E273012A69EFB23AFCAB.e.49/text {}
DEBUG:urllib3.connectionpool:http://localhost:55077 "GET /session/e75abfd568a36b03d9d777867764f269/element/f.16886547486FCB634716E722308EA8EC.d.C34EE1A00D20E273012A69EFB23AFCAB.e.49/text HTTP/1.1" 200 0
DEBUG:selenium.webdriver.remote.remote_connection:Remote response: status=200 | data={"value":"Sauce Labs Backpack"} | headers=HTTPHeaderDict({'Content-Length': '31', 'Content-Type': 'application/json; charset=utf-8', 'cache-control': 'no-cache'})
DEBUG:selenium.webdriver.remote.remote_connection:Finished Request
INFO:root:END: vytvoreni seznamu obsahu kosiku
INFO:root:END: test pritomnosti batoh v kosiku
DEBUG:selenium.webdriver.remote.remote_connection:POST http://localhost:55077/session/e75abfd568a36b03d9d777867764f269/element {'using': 'css selector', 'value': '[id="continue-shopping"]'}
DEBUG:urllib3.connectionpool:http://localhost:55077 "POST /session/e75abfd568a36b03d9d777867764f269/element HTTP/1.1" 200 0
DEBUG:selenium.webdriver.remote.remote_connection:Remote response: status=200 | data={"value":{"element-6066-11e4-a52e-4f735466cecf":"f.16886547486FCB634716E722308EA8EC.d.C34EE1A00D20E273012A69EFB23AFCAB.e.50"}} | headers=HTTPHeaderDict({'Content-Length': '126', 'Content-Type': 'application/json; charset=utf-8', 'cache-control': 'no-cache'})
DEBUG:selenium.webdriver.remote.remote_connection:Finished Request
DEBUG:selenium.webdriver.remote.remote_connection:POST http://localhost:55077/session/e75abfd568a36b03d9d777867764f269/element/f.16886547486FCB634716E722308EA8EC.d.C34EE1A00D20E273012A69EFB23AFCAB.e.50/click {}
DEBUG:urllib3.connectionpool:http://localhost:55077 "POST /session/e75abfd568a36b03d9d777867764f269/element/f.16886547486FCB634716E722308EA8EC.d.C34EE1A00D20E273012A69EFB23AFCAB.e.50/click HTTP/1.1" 200 0
DEBUG:selenium.webdriver.remote.remote_connection:Remote response: status=200 | data={"value":null} | headers=HTTPHeaderDict({'Content-Length': '14', 'Content-Type': 'application/json; charset=utf-8', 'cache-control': 'no-cache'})
DEBUG:selenium.webdriver.remote.remote_connection:Finished Request
DEBUG:selenium.webdriver.remote.remote_connection:GET http://localhost:55077/session/e75abfd568a36b03d9d777867764f269/url {}
DEBUG:urllib3.connectionpool:http://localhost:55077 "GET /session/e75abfd568a36b03d9d777867764f269/url HTTP/1.1" 200 0
DEBUG:selenium.webdriver.remote.remote_connection:Remote response: status=200 | data={"value":"https://www.saucedemo.com/inventory.html"} | headers=HTTPHeaderDict({'Content-Length': '52', 'Content-Type': 'application/json; charset=utf-8', 'cache-control': 'no-cache'})
DEBUG:selenium.webdriver.remote.remote_connection:Finished Request
INFO:root:okno:inventory
INFO:root:START: add item to cart for svetlo
DEBUG:selenium.webdriver.remote.remote_connection:POST http://localhost:55077/session/e75abfd568a36b03d9d777867764f269/element {'using': 'css selector', 'value': '[id="add-to-cart-sauce-labs-bike-light"]'}
DEBUG:urllib3.connectionpool:http://localhost:55077 "POST /session/e75abfd568a36b03d9d777867764f269/element HTTP/1.1" 200 0
DEBUG:selenium.webdriver.remote.remote_connection:Remote response: status=200 | data={"value":{"element-6066-11e4-a52e-4f735466cecf":"f.16886547486FCB634716E722308EA8EC.d.C34EE1A00D20E273012A69EFB23AFCAB.e.62"}} | headers=HTTPHeaderDict({'Content-Length': '126', 'Content-Type': 'application/json; charset=utf-8', 'cache-control': 'no-cache'})
DEBUG:selenium.webdriver.remote.remote_connection:Finished Request
DEBUG:selenium.webdriver.remote.remote_connection:POST http://localhost:55077/session/e75abfd568a36b03d9d777867764f269/element/f.16886547486FCB634716E722308EA8EC.d.C34EE1A00D20E273012A69EFB23AFCAB.e.62/click {}
DEBUG:urllib3.connectionpool:http://localhost:55077 "POST /session/e75abfd568a36b03d9d777867764f269/element/f.16886547486FCB634716E722308EA8EC.d.C34EE1A00D20E273012A69EFB23AFCAB.e.62/click HTTP/1.1" 200 0
DEBUG:selenium.webdriver.remote.remote_connection:Remote response: status=200 | data={"value":null} | headers=HTTPHeaderDict({'Content-Length': '14', 'Content-Type': 'application/json; charset=utf-8', 'cache-control': 'no-cache'})
DEBUG:selenium.webdriver.remote.remote_connection:Finished Request
INFO:root:END: add item to cart for svetlo
DEBUG:selenium.webdriver.remote.remote_connection:POST http://localhost:55077/session/e75abfd568a36b03d9d777867764f269/element {'using': 'css selector', 'value': '[id="shopping_cart_container"]'}
DEBUG:urllib3.connectionpool:http://localhost:55077 "POST /session/e75abfd568a36b03d9d777867764f269/element HTTP/1.1" 200 0
DEBUG:selenium.webdriver.remote.remote_connection:Remote response: status=200 | data={"value":{"element-6066-11e4-a52e-4f735466cecf":"f.16886547486FCB634716E722308EA8EC.d.C34EE1A00D20E273012A69EFB23AFCAB.e.64"}} | headers=HTTPHeaderDict({'Content-Length': '126', 'Content-Type': 'application/json; charset=utf-8', 'cache-control': 'no-cache'})
DEBUG:selenium.webdriver.remote.remote_connection:Finished Request
DEBUG:selenium.webdriver.remote.remote_connection:POST http://localhost:55077/session/e75abfd568a36b03d9d777867764f269/element/f.16886547486FCB634716E722308EA8EC.d.C34EE1A00D20E273012A69EFB23AFCAB.e.64/click {}
DEBUG:urllib3.connectionpool:http://localhost:55077 "POST /session/e75abfd568a36b03d9d777867764f269/element/f.16886547486FCB634716E722308EA8EC.d.C34EE1A00D20E273012A69EFB23AFCAB.e.64/click HTTP/1.1" 200 0
DEBUG:selenium.webdriver.remote.remote_connection:Remote response: status=200 | data={"value":null} | headers=HTTPHeaderDict({'Content-Length': '14', 'Content-Type': 'application/json; charset=utf-8', 'cache-control': 'no-cache'})
DEBUG:selenium.webdriver.remote.remote_connection:Finished Request
DEBUG:selenium.webdriver.remote.remote_connection:GET http://localhost:55077/session/e75abfd568a36b03d9d777867764f269/url {}
DEBUG:urllib3.connectionpool:http://localhost:55077 "GET /session/e75abfd568a36b03d9d777867764f269/url HTTP/1.1" 200 0
DEBUG:selenium.webdriver.remote.remote_connection:Remote response: status=200 | data={"value":"https://www.saucedemo.com/cart.html"} | headers=HTTPHeaderDict({'Content-Length': '47', 'Content-Type': 'application/json; charset=utf-8', 'cache-control': 'no-cache'})
DEBUG:selenium.webdriver.remote.remote_connection:Finished Request
INFO:root:okno:cart
INFO:root:START: test pritomnosti svetlo v kosiku
INFO:root:START: vytvoreni seznamu obsahu kosiku
DEBUG:selenium.webdriver.remote.remote_connection:POST http://localhost:55077/session/e75abfd568a36b03d9d777867764f269/elements {'using': 'css selector', 'value': '.cart_item'}
DEBUG:urllib3.connectionpool:http://localhost:55077 "POST /session/e75abfd568a36b03d9d777867764f269/elements HTTP/1.1" 200 0
DEBUG:selenium.webdriver.remote.remote_connection:Remote response: status=200 | data={"value":[{"element-6066-11e4-a52e-4f735466cecf":"f.16886547486FCB634716E722308EA8EC.d.C34EE1A00D20E273012A69EFB23AFCAB.e.71"},{"element-6066-11e4-a52e-4f735466cecf":"f.16886547486FCB634716E722308EA8EC.d.C34EE1A00D20E273012A69EFB23AFCAB.e.72"}]} | headers=HTTPHeaderDict({'Content-Length': '245', 'Content-Type': 'application/json; charset=utf-8', 'cache-control': 'no-cache'})
DEBUG:selenium.webdriver.remote.remote_connection:Finished Request
DEBUG:selenium.webdriver.remote.remote_connection:POST http://localhost:55077/session/e75abfd568a36b03d9d777867764f269/element/f.16886547486FCB634716E722308EA8EC.d.C34EE1A00D20E273012A69EFB23AFCAB.e.71/element {'using': 'css selector', 'value': '.inventory_item_name'}
DEBUG:urllib3.connectionpool:http://localhost:55077 "POST /session/e75abfd568a36b03d9d777867764f269/element/f.16886547486FCB634716E722308EA8EC.d.C34EE1A00D20E273012A69EFB23AFCAB.e.71/element HTTP/1.1" 200 0
DEBUG:selenium.webdriver.remote.remote_connection:Remote response: status=200 | data={"value":{"element-6066-11e4-a52e-4f735466cecf":"f.16886547486FCB634716E722308EA8EC.d.C34EE1A00D20E273012A69EFB23AFCAB.e.73"}} | headers=HTTPHeaderDict({'Content-Length': '126', 'Content-Type': 'application/json; charset=utf-8', 'cache-control': 'no-cache'})
DEBUG:selenium.webdriver.remote.remote_connection:Finished Request
DEBUG:selenium.webdriver.remote.remote_connection:GET http://localhost:55077/session/e75abfd568a36b03d9d777867764f269/element/f.16886547486FCB634716E722308EA8EC.d.C34EE1A00D20E273012A69EFB23AFCAB.e.73/text {}
DEBUG:urllib3.connectionpool:http://localhost:55077 "GET /session/e75abfd568a36b03d9d777867764f269/element/f.16886547486FCB634716E722308EA8EC.d.C34EE1A00D20E273012A69EFB23AFCAB.e.73/text HTTP/1.1" 200 0
DEBUG:selenium.webdriver.remote.remote_connection:Remote response: status=200 | data={"value":"Sauce Labs Backpack"} | headers=HTTPHeaderDict({'Content-Length': '31', 'Content-Type': 'application/json; charset=utf-8', 'cache-control': 'no-cache'})
DEBUG:selenium.webdriver.remote.remote_connection:Finished Request
DEBUG:selenium.webdriver.remote.remote_connection:POST http://localhost:55077/session/e75abfd568a36b03d9d777867764f269/element/f.16886547486FCB634716E722308EA8EC.d.C34EE1A00D20E273012A69EFB23AFCAB.e.72/element {'using': 'css selector', 'value': '.inventory_item_name'}
DEBUG:urllib3.connectionpool:http://localhost:55077 "POST /session/e75abfd568a36b03d9d777867764f269/element/f.16886547486FCB634716E722308EA8EC.d.C34EE1A00D20E273012A69EFB23AFCAB.e.72/element HTTP/1.1" 200 0
DEBUG:selenium.webdriver.remote.remote_connection:Remote response: status=200 | data={"value":{"element-6066-11e4-a52e-4f735466cecf":"f.16886547486FCB634716E722308EA8EC.d.C34EE1A00D20E273012A69EFB23AFCAB.e.74"}} | headers=HTTPHeaderDict({'Content-Length': '126', 'Content-Type': 'application/json; charset=utf-8', 'cache-control': 'no-cache'})
DEBUG:selenium.webdriver.remote.remote_connection:Finished Request
DEBUG:selenium.webdriver.remote.remote_connection:GET http://localhost:55077/session/e75abfd568a36b03d9d777867764f269/element/f.16886547486FCB634716E722308EA8EC.d.C34EE1A00D20E273012A69EFB23AFCAB.e.74/text {}
DEBUG:urllib3.connectionpool:http://localhost:55077 "GET /session/e75abfd568a36b03d9d777867764f269/element/f.16886547486FCB634716E722308EA8EC.d.C34EE1A00D20E273012A69EFB23AFCAB.e.74/text HTTP/1.1" 200 0
DEBUG:selenium.webdriver.remote.remote_connection:Remote response: status=200 | data={"value":"Sauce Labs Bike Light"} | headers=HTTPHeaderDict({'Content-Length': '33', 'Content-Type': 'application/json; charset=utf-8', 'cache-control': 'no-cache'})
DEBUG:selenium.webdriver.remote.remote_connection:Finished Request
INFO:root:END: vytvoreni seznamu obsahu kosiku
INFO:root:END: test pritomnosti svetlo v kosiku
INFO:root:START: remove item from cart for batoh
DEBUG:selenium.webdriver.remote.remote_connection:POST http://localhost:55077/session/e75abfd568a36b03d9d777867764f269/element {'using': 'css selector', 'value': '[id="remove-sauce-labs-backpack"]'}
DEBUG:urllib3.connectionpool:http://localhost:55077 "POST /session/e75abfd568a36b03d9d777867764f269/element HTTP/1.1" 200 0
DEBUG:selenium.webdriver.remote.remote_connection:Remote response: status=200 | data={"value":{"element-6066-11e4-a52e-4f735466cecf":"f.16886547486FCB634716E722308EA8EC.d.C34EE1A00D20E273012A69EFB23AFCAB.e.75"}} | headers=HTTPHeaderDict({'Content-Length': '126', 'Content-Type': 'application/json; charset=utf-8', 'cache-control': 'no-cache'})
DEBUG:selenium.webdriver.remote.remote_connection:Finished Request
DEBUG:selenium.webdriver.remote.remote_connection:POST http://localhost:55077/session/e75abfd568a36b03d9d777867764f269/element/f.16886547486FCB634716E722308EA8EC.d.C34EE1A00D20E273012A69EFB23AFCAB.e.75/click {}
DEBUG:urllib3.connectionpool:http://localhost:55077 "POST /session/e75abfd568a36b03d9d777867764f269/element/f.16886547486FCB634716E722308EA8EC.d.C34EE1A00D20E273012A69EFB23AFCAB.e.75/click HTTP/1.1" 200 0
DEBUG:selenium.webdriver.remote.remote_connection:Remote response: status=200 | data={"value":null} | headers=HTTPHeaderDict({'Content-Length': '14', 'Content-Type': 'application/json; charset=utf-8', 'cache-control': 'no-cache'})
DEBUG:selenium.webdriver.remote.remote_connection:Finished Request
INFO:root:END: remove item from cart for batoh
INFO:root:START: test nepritomnosti batoh v kosiku
INFO:root:START: vytvoreni seznamu obsahu kosiku
DEBUG:selenium.webdriver.remote.remote_connection:POST http://localhost:55077/session/e75abfd568a36b03d9d777867764f269/elements {'using': 'css selector', 'value': '.cart_item'}
DEBUG:urllib3.connectionpool:http://localhost:55077 "POST /session/e75abfd568a36b03d9d777867764f269/elements HTTP/1.1" 200 0
DEBUG:selenium.webdriver.remote.remote_connection:Remote response: status=200 | data={"value":[{"element-6066-11e4-a52e-4f735466cecf":"f.16886547486FCB634716E722308EA8EC.d.C34EE1A00D20E273012A69EFB23AFCAB.e.72"}]} | headers=HTTPHeaderDict({'Content-Length': '128', 'Content-Type': 'application/json; charset=utf-8', 'cache-control': 'no-cache'})
DEBUG:selenium.webdriver.remote.remote_connection:Finished Request
DEBUG:selenium.webdriver.remote.remote_connection:POST http://localhost:55077/session/e75abfd568a36b03d9d777867764f269/element/f.16886547486FCB634716E722308EA8EC.d.C34EE1A00D20E273012A69EFB23AFCAB.e.72/element {'using': 'css selector', 'value': '.inventory_item_name'}
DEBUG:urllib3.connectionpool:http://localhost:55077 "POST /session/e75abfd568a36b03d9d777867764f269/element/f.16886547486FCB634716E722308EA8EC.d.C34EE1A00D20E273012A69EFB23AFCAB.e.72/element HTTP/1.1" 200 0
DEBUG:selenium.webdriver.remote.remote_connection:Remote response: status=200 | data={"value":{"element-6066-11e4-a52e-4f735466cecf":"f.16886547486FCB634716E722308EA8EC.d.C34EE1A00D20E273012A69EFB23AFCAB.e.74"}} | headers=HTTPHeaderDict({'Content-Length': '126', 'Content-Type': 'application/json; charset=utf-8', 'cache-control': 'no-cache'})
DEBUG:selenium.webdriver.remote.remote_connection:Finished Request
DEBUG:selenium.webdriver.remote.remote_connection:GET http://localhost:55077/session/e75abfd568a36b03d9d777867764f269/element/f.16886547486FCB634716E722308EA8EC.d.C34EE1A00D20E273012A69EFB23AFCAB.e.74/text {}
DEBUG:urllib3.connectionpool:http://localhost:55077 "GET /session/e75abfd568a36b03d9d777867764f269/element/f.16886547486FCB634716E722308EA8EC.d.C34EE1A00D20E273012A69EFB23AFCAB.e.74/text HTTP/1.1" 200 0
DEBUG:selenium.webdriver.remote.remote_connection:Remote response: status=200 | data={"value":"Sauce Labs Bike Light"} | headers=HTTPHeaderDict({'Content-Length': '33', 'Content-Type': 'application/json; charset=utf-8', 'cache-control': 'no-cache'})
DEBUG:selenium.webdriver.remote.remote_connection:Finished Request
INFO:root:END: vytvoreni seznamu obsahu kosiku
INFO:root:END: test nepritomnosti batoh v kosiku
INFO:root:START: remove item from cart for svetlo
DEBUG:selenium.webdriver.remote.remote_connection:POST http://localhost:55077/session/e75abfd568a36b03d9d777867764f269/element {'using': 'css selector', 'value': '[id="remove-sauce-labs-bike-light"]'}
DEBUG:urllib3.connectionpool:http://localhost:55077 "POST /session/e75abfd568a36b03d9d777867764f269/element HTTP/1.1" 200 0
DEBUG:selenium.webdriver.remote.remote_connection:Remote response: status=200 | data={"value":{"element-6066-11e4-a52e-4f735466cecf":"f.16886547486FCB634716E722308EA8EC.d.C34EE1A00D20E273012A69EFB23AFCAB.e.79"}} | headers=HTTPHeaderDict({'Content-Length': '126', 'Content-Type': 'application/json; charset=utf-8', 'cache-control': 'no-cache'})
DEBUG:selenium.webdriver.remote.remote_connection:Finished Request
DEBUG:selenium.webdriver.remote.remote_connection:POST http://localhost:55077/session/e75abfd568a36b03d9d777867764f269/element/f.16886547486FCB634716E722308EA8EC.d.C34EE1A00D20E273012A69EFB23AFCAB.e.79/click {}
DEBUG:urllib3.connectionpool:http://localhost:55077 "POST /session/e75abfd568a36b03d9d777867764f269/element/f.16886547486FCB634716E722308EA8EC.d.C34EE1A00D20E273012A69EFB23AFCAB.e.79/click HTTP/1.1" 200 0
DEBUG:selenium.webdriver.remote.remote_connection:Remote response: status=200 | data={"value":null} | headers=HTTPHeaderDict({'Content-Length': '14', 'Content-Type': 'application/json; charset=utf-8', 'cache-control': 'no-cache'})
DEBUG:selenium.webdriver.remote.remote_connection:Finished Request
INFO:root:END: remove item from cart for svetlo
INFO:root:START: test nepritomnosti svetlo v kosiku
INFO:root:START: vytvoreni seznamu obsahu kosiku
DEBUG:selenium.webdriver.remote.remote_connection:POST http://localhost:55077/session/e75abfd568a36b03d9d777867764f269/elements {'using': 'css selector', 'value': '.cart_item'}
DEBUG:urllib3.connectionpool:http://localhost:55077 "POST /session/e75abfd568a36b03d9d777867764f269/elements HTTP/1.1" 200 0
DEBUG:selenium.webdriver.remote.remote_connection:Remote response: status=200 | data={"value":[]} | headers=HTTPHeaderDict({'Content-Length': '12', 'Content-Type': 'application/json; charset=utf-8', 'cache-control': 'no-cache'})
DEBUG:selenium.webdriver.remote.remote_connection:Finished Request
INFO:root:END: vytvoreni seznamu obsahu kosiku
INFO:root:END: test nepritomnosti svetlo v kosiku
DEBUG:selenium.webdriver.remote.remote_connection:DELETE http://localhost:55077/session/e75abfd568a36b03d9d777867764f269 {}
DEBUG:urllib3.connectionpool:http://localhost:55077 "DELETE /session/e75abfd568a36b03d9d777867764f269 HTTP/1.1" 200 0
DEBUG:selenium.webdriver.remote.remote_connection:Remote response: status=200 | data={"value":null} | headers=HTTPHeaderDict({'Content-Length': '14', 'Content-Type': 'application/json; charset=utf-8', 'cache-control': 'no-cache'})
DEBUG:selenium.webdriver.remote.remote_connection:Finished Request
